<?xml version="1.0" encoding="UTF-8"?>
<!-- Generated by org.testng.reporters.JUnitReportReporter -->
<testsuite hostname="DESKTOP-O8AD264" failures="0" tests="1" name="heroKaupp123.Class1" time="16.999" errors="0" timestamp="2022-08-22T16:21:21 IST" skipped="0">
  <testcase classname="heroKaupp123.Class1" name="browser" time="16.999"/>
  <system-out/>
</testsuite> <!-- heroKaupp123.Class1 -->
