<?xml version="1.0" encoding="UTF-8"?>
<!-- Generated by org.testng.reporters.JUnitReportReporter -->
<testsuite hostname="DESKTOP-O8AD264" failures="0" tests="5" name="AutomationPractice.LoginAutomation" time="106.262" errors="0" timestamp="2022-08-22T16:21:21 IST" skipped="0">
  <testcase classname="AutomationPractice.LoginAutomation" name="logintest" time="9.821"/>
  <system-out/>
  <testcase classname="AutomationPractice.LoginAutomation" name="shopping" time="6.406"/>
  <system-out/>
  <testcase classname="AutomationPractice.LoginAutomation" name="addtocart" time="19.615"/>
  <system-out/>
  <testcase classname="AutomationPractice.LoginAutomation" name="addtocart2" time="0.136"/>
  <system-out/>
  <testcase classname="AutomationPractice.LoginAutomation" name="checkout" time="70.284"/>
  <system-out/>
</testsuite> <!-- AutomationPractice.LoginAutomation -->
