<?xml version="1.0" encoding="UTF-8"?>
<!-- Generated by org.testng.reporters.JUnitReportReporter -->
<testsuite hostname="DESKTOP-O8AD264" failures="0" tests="3" name="heroKaupp123.Login" time="373.898" errors="0" timestamp="2022-08-22T16:21:21 IST" skipped="0">
  <testcase classname="heroKaupp123.Login" name="login" time="7.324"/>
  <system-out/>
  <testcase classname="heroKaupp123.Login" name="logout" time="0.920"/>
  <system-out/>
  <testcase classname="heroKaupp123.Login" name="checkLinks" time="365.654"/>
  <system-out/>
</testsuite> <!-- heroKaupp123.Login -->
